C51 COMPILER V7.50   ADC                                                                   06/15/2018 18:15:38 PAGE 1   


C51 COMPILER V7.50, COMPILATION OF MODULE ADC
OBJECT MODULE PLACED IN ADC.OBJ
COMPILER INVOKED BY: C:\Keil\C51\BIN\C51.EXE ADC.c BROWSE DEBUG OBJECTEXTEND TABS(3)

line level    source

   1          
   2          #include "MAIN.H" 
   3          
   4          uint ADC16;
   5          
   6          void Init_ADC(void)
   7          {
   8   1         P1M0=0x21;  P1M1=0;  // P1.0, P1.5 Input Only
   9   1         AUXR=0x00;           // Low Speed, ADRJ=0  
  10   1      }
  11          
  12          void V_ADC0(void)
  13          {  
  14   1         float temp ;
  15   1      
  16   1         ADCTL = ADCON + ADCS;    // ADC CH0 Start Convert 
  17   1         while (!(ADCTL & ADCI));  // Wait ADC Complete
  18   1         ADCTL = 0;                // ADC Convert OK, Stop ADC
  19   1         ADC16 = (ADCH<<2) + ADCL;
  20   1      
  21   1         ADCTL = ADCON + ADCS;    // ADC CH0 Start Convert 
  22   1         while (!(ADCTL & ADCI));  // Wait ADC Complete
  23   1         ADCTL = 0;                // ADC Convert OK, Stop ADC
  24   1         temp = ADC16 + (ADCH<<2) + ADCL;
  25   1      
  26   1         ADC16 = temp; ADC16>>=1;
  27   1      }
  28          
  29          void V_ADC5(void)
  30          {  
  31   1         float temp ;
  32   1      
  33   1         ADCTL = ADCON + ADCS + 5; // ADC CH5 Start Convert 
  34   1         while (!(ADCTL & ADCI));  // Wait ADC Complete
  35   1         ADCTL = 0;                // ADC Convert OK, Stop ADC
  36   1         ADC16 = (ADCH<<2) + ADCL;
  37   1      
  38   1         ADCTL = ADCON + ADCS + 5; // ADC CH5 Start Convert 
  39   1         while (!(ADCTL & ADCI));  // Wait ADC Complete
  40   1         ADCTL = 0;                // ADC Convert OK, Stop ADC
  41   1         temp = ADC16 + (ADCH<<2) + ADCL;
  42   1      
  43   1         ADC16 = temp; ADC16>>=1;
  44   1      }
  45          
  46          void ADC_HEX_DISPLAY(void)    
  47          {
  48   1         uchar i;
  49   1         uint HEX;
  50   1      
  51   1         HEX=ADC16;
  52   1         i=HEX>>8;
  53   1         if (i>=0x0A) i+=7;
  54   1         i+=0x30; Send_Data(i);
  55   1      
C51 COMPILER V7.50   ADC                                                                   06/15/2018 18:15:38 PAGE 2   

  56   1         i=(HEX>>4)&0x0F;
  57   1         if (i>=0x0A) i+=7;
  58   1         i+=0x30; Send_Data(i);
  59   1         i=HEX&0x0F;
  60   1         if (i>=0x0A) i+=7;
  61   1         i+=0x30; Send_Data(i);  
  62   1         Send_Data(' ');
  63   1      }


MODULE INFORMATION:   STATIC OVERLAYABLE
   CODE SIZE        =    272    ----
   CONSTANT SIZE    =   ----    ----
   XDATA SIZE       =   ----    ----
   PDATA SIZE       =   ----    ----
   DATA SIZE        =      2       2
   IDATA SIZE       =   ----    ----
   BIT SIZE         =   ----    ----
END OF MODULE INFORMATION.


C51 COMPILATION COMPLETE.  0 WARNING(S),  0 ERROR(S)
