C51 COMPILER V7.50   LCD                                                                   06/15/2018 18:15:39 PAGE 1   


C51 COMPILER V7.50, COMPILATION OF MODULE LCD
OBJECT MODULE PLACED IN LCD.OBJ
COMPILER INVOKED BY: C:\Keil\C51\BIN\C51.EXE LCD.c BROWSE DEBUG OBJECTEXTEND TABS(3)

line level    source

   1          
   2          
   3          #include "MAIN.H"
   4          
   5          void CGRAM(uchar num , uchar FONT[]) 
   6          {
   7   1         uchar i;
   8   1         LCD_Cmd(0x40);           // CGRAM位址設定 
   9   1         for (i=0; i<num*8; i++) Send_Data(FONT[i]);
  10   1      }
  11          
  12          void Init_LCD(void) // LCD的啟始程式  
  13          {
  14   1         LCD_CmdI(0x30); Delay(5000);  
  15   1         LCD_CmdI(0x30); Delay(200);
  16   1         LCD_CmdI(0x30);  
  17   1         LCD_CmdI(0x20);  
  18   1      
  19   1         LCD_Cmd(0x28);    
  20   1         LCD_Cmd(1); Delay(5000);
  21   1         LCD_Cmd(0x0C);  
  22   1         LCD_Cmd(6);         
  23   1      }
  24          
  25          void LCD_CmdI(uchar Comm) //傳送命令到LCD
  26          {
  27   1         DATA_BUS=(DATA_BUS&0x0C)|(Comm&0xF3); 
  28   1         RS=0; EN=1; DLY(100); EN=0; DLY(100);   
  29   1      }
  30          
  31          void LCD_Cmd(uchar Comm) //傳送命令到LCD
  32          {
  33   1         DATA_BUS=(DATA_BUS&0x0C)|(Comm&0xF3);  
  34   1         RS=0; EN=1; DLY(100); EN=0; DLY(100); 
  35   1         DATA_BUS=(DATA_BUS&0x0C)|((Comm<<4)&0xF3);
  36   1         RS=0; EN=1; DLY(100); EN=0; DLY(100);  
  37   1      }
  38          
  39          void Send_Data(uchar Data)  //傳送資料到LCD
  40          {
  41   1         DATA_BUS=(DATA_BUS&0x0C)|(Data&0xF3);   
  42   1         RS=1; EN=1; DLY(100); EN=0; DLY(100); 
  43   1         DATA_BUS=(DATA_BUS&0x0C)|((Data<<4)&0xF3); 
  44   1         RS=1; EN=1; DLY(100); EN=0; DLY(100);   
  45   1      }
  46          
  47          void Delay(uint Del)       
  48          {
  49   1        WAITD:    
  50   1         Del--;   
  51   1         if (Del!=0) goto WAITD; 
  52   1      }
  53          
  54          void DLY(uchar dly)       
  55          {
C51 COMPILER V7.50   LCD                                                                   06/15/2018 18:15:39 PAGE 2   

  56   1        WAITS:    
  57   1         dly--;   
  58   1         if (dly!=0) goto WAITS; 
  59   1      }
  60          
  61          
  62          


MODULE INFORMATION:   STATIC OVERLAYABLE
   CODE SIZE        =    242    ----
   CONSTANT SIZE    =   ----    ----
   XDATA SIZE       =   ----    ----
   PDATA SIZE       =   ----    ----
   DATA SIZE        =   ----       7
   IDATA SIZE       =   ----    ----
   BIT SIZE         =   ----    ----
END OF MODULE INFORMATION.


C51 COMPILATION COMPLETE.  0 WARNING(S),  0 ERROR(S)
